<?xml version="1.0" encoding="UTF-8"?>
<!-- Generated by org.testng.reporters.JUnitReportReporter -->
<testsuite hostname="DESKTOP-NEKMQPN" failures="0" tests="1" name="VinothMurugesanProject.AppiumProject.AppiumBasics" time="5.777" errors="0" timestamp="2025-02-23T16:30:04 IST" skipped="0">
  <testcase classname="VinothMurugesanProject.AppiumProject.AppiumBasics" name="AppiumTest" time="5.777"/>
</testsuite> <!-- VinothMurugesanProject.AppiumProject.AppiumBasics -->
