<?xml version="1.0" encoding="UTF-8"?>
<!-- Generated by org.testng.reporters.JUnitReportReporter -->
<testsuite hostname="DESKTOP-NEKMQPN" failures="0" tests="1" name="VinothMurugesanProject.AppiumProject.AppiumBasics" time="12.193" errors="0" timestamp="2025-02-23T18:47:48 IST" skipped="0">
  <testcase classname="VinothMurugesanProject.AppiumProject.AppiumBasics" name="AppiumTest" time="12.193"/>
</testsuite> <!-- VinothMurugesanProject.AppiumProject.AppiumBasics -->
